1743870062134:task-cli list
1743870078752:task-cli
1743870081685:list
1743870230435:task-cli list
1743873066731:task-cli create "second test task"
1743873179671:task-cli create ""
1743873212400:task-cli add "second test task"
1743874043115:task-cli add "first test task"
1743874082843:task-cli add "first task test"
1743874118715:task-cli add "secont task test"
1743874159885:task-cli add "third task test"
1743874168276:task-cli list
1743874199076:task-cli mark-in-progress 2
1743874219394:task-cli mark-done 3
1743874233373:task-cli list todo
1743874258203:task-cli list in-progress
1743874268842:task-cli list done
1743874291260:task-cli update 1 "updated task"
1743874427267:task-cli list
1743874464586:task-cli delete 1
1743874472468:task-cli list
